# JRE version: OpenJDK Runtime Environment Temurin-21.0.9+10 (21.0.9+10) (build 21.0.9+10-LTS)
# Java VM: OpenJDK 64-Bit Server VM Temurin-21.0.9+10 (21.0.9+10-LTS, mixed mode, sharing, tiered, compressed oops, compressed class ptrs, parallel gc, windows-amd64)
GC Precious Log:
 CardTable entry size: 512
 CPUs: 16 total, 16 available
 Memory: 32361M
 Large Page Support: Disabled
 NUMA Support: Disabled
 Compressed Oops: Enabled (32-bit)
 Alignments: Space 512K, Generation 512K, Heap 2M
 Heap Min Capacity: 100M
 Heap Initial Capacity: 100M
 Heap Max Capacity: 2G
 Pre-touch: Disabled
 Parallel Workers: 13
Heap:
 PSYoungGen      total 21504K, used 6333K [0x00000000d5580000, 0x00000000d6c00000, 0x0000000100000000)
  eden space 20992K, 27% used [0x00000000d5580000,0x00000000d5b37488,0x00000000d6a00000)
  from space 512K, 93% used [0x00000000d6b80000,0x00000000d6bf8000,0x00000000d6c00000)
  to   space 1024K, 0% used [0x00000000d6a00000,0x00000000d6a00000,0x00000000d6b00000)
 ParOldGen       total 68608K, used 42140K [0x0000000080000000, 0x0000000084300000, 0x00000000d5580000)
  object space 68608K, 61% used [0x0000000080000000,0x0000000082927100,0x0000000084300000)
 Metaspace       used 65892K, committed 67520K, reserved 1114112K
  class space    used 8324K, committed 9024K, reserved 1048576K
GC Heap History (20 events):
Event: 9.023 GC heap before
{Heap before GC invocations=36 (full 3):
 PSYoungGen      total 22016K, used 21739K [0x00000000d5580000, 0x00000000d6c80000, 0x0000000100000000)
  eden space 20992K, 100% used [0x00000000d5580000,0x00000000d6a00000,0x00000000d6a00000)
  from space 1024K, 72% used [0x00000000d6b80000,0x00000000d6c3ac60,0x00000000d6c80000)
  to   space 1024K, 0% used [0x00000000d6a80000,0x00000000d6a80000,0x00000000d6b80000)
 ParOldGen       total 68608K, used 38567K [0x0000000080000000, 0x0000000084300000, 0x00000000d5580000)
  object space 68608K, 56% used [0x0000000080000000,0x00000000825a9e80,0x0000000084300000)
 Metaspace       used 58748K, committed 60096K, reserved 1114112K
  class space    used 7403K, committed 8000K, reserved 1048576K
}
Event: 9.023 GC heap after
{Heap after GC invocations=36 (full 3):
 PSYoungGen      total 22016K, used 912K [0x00000000d5580000, 0x00000000d6c00000, 0x0000000100000000)
  eden space 20992K, 0% used [0x00000000d5580000,0x00000000d5580000,0x00000000d6a00000)
  from space 1024K, 89% used [0x00000000d6a80000,0x00000000d6b64030,0x00000000d6b80000)
  to   space 512K, 0% used [0x00000000d6b80000,0x00000000d6b80000,0x00000000d6c00000)
 ParOldGen       total 68608K, used 38615K [0x0000000080000000, 0x0000000084300000, 0x00000000d5580000)
  object space 68608K, 56% used [0x0000000080000000,0x00000000825b5e80,0x0000000084300000)
 Metaspace       used 58748K, committed 60096K, reserved 1114112K
  class space    used 7403K, committed 8000K, reserved 1048576K
}
Event: 9.070 GC heap before
{Heap before GC invocations=37 (full 3):
 PSYoungGen      total 22016K, used 21904K [0x00000000d5580000, 0x00000000d6c00000, 0x0000000100000000)
  eden space 20992K, 100% used [0x00000000d5580000,0x00000000d6a00000,0x00000000d6a00000)
  from space 1024K, 89% used [0x00000000d6a80000,0x00000000d6b64030,0x00000000d6b80000)
  to   space 512K, 0% used [0x00000000d6b80000,0x00000000d6b80000,0x00000000d6c00000)
 ParOldGen       total 68608K, used 38615K [0x0000000080000000, 0x0000000084300000, 0x00000000d5580000)
  object space 68608K, 56% used [0x0000000080000000,0x00000000825b5e80,0x0000000084300000)
 Metaspace       used 58748K, committed 60096K, reserved 1114112K
  class space    used 7403K, committed 8000K, reserved 1048576K
}
Event: 9.070 GC heap after
{Heap after GC invocations=37 (full 3):
 PSYoungGen      total 21504K, used 405K [0x00000000d5580000, 0x00000000d6c00000, 0x0000000100000000)
  eden space 20992K, 0% used [0x00000000d5580000,0x00000000d5580000,0x00000000d6a00000)
  from space 512K, 79% used [0x00000000d6b80000,0x00000000d6be56b8,0x00000000d6c00000)
  to   space 1024K, 0% used [0x00000000d6a00000,0x00000000d6a00000,0x00000000d6b00000)
 ParOldGen       total 68608K, used 38663K [0x0000000080000000, 0x0000000084300000, 0x00000000d5580000)
  object space 68608K, 56% used [0x0000000080000000,0x00000000825c1e80,0x0000000084300000)
 Metaspace       used 58748K, committed 60096K, reserved 1114112K
  class space    used 7403K, committed 8000K, reserved 1048576K
}
Event: 9.115 GC heap before
{Heap before GC invocations=38 (full 3):
 PSYoungGen      total 21504K, used 21397K [0x00000000d5580000, 0x00000000d6c00000, 0x0000000100000000)
  eden space 20992K, 100% used [0x00000000d5580000,0x00000000d6a00000,0x00000000d6a00000)
  from space 512K, 79% used [0x00000000d6b80000,0x00000000d6be56b8,0x00000000d6c00000)
  to   space 1024K, 0% used [0x00000000d6a00000,0x00000000d6a00000,0x00000000d6b00000)
 ParOldGen       total 68608K, used 38663K [0x0000000080000000, 0x0000000084300000, 0x00000000d5580000)
  object space 68608K, 56% used [0x0000000080000000,0x00000000825c1e80,0x0000000084300000)
 Metaspace       used 58748K, committed 60096K, reserved 1114112K
  class space    used 7403K, committed 8000K, reserved 1048576K
}
Event: 9.115 GC heap after
{Heap after GC invocations=38 (full 3):
 PSYoungGen      total 22016K, used 610K [0x00000000d5580000, 0x00000000d6c00000, 0x0000000100000000)
  eden space 20992K, 0% used [0x00000000d5580000,0x00000000d5580000,0x00000000d6a00000)
  from space 1024K, 59% used [0x00000000d6a00000,0x00000000d6a988c8,0x00000000d6b00000)
  to   space 1024K, 0% used [0x00000000d6b00000,0x00000000d6b00000,0x00000000d6c00000)
 ParOldGen       total 68608K, used 38719K [0x0000000080000000, 0x0000000084300000, 0x00000000d5580000)
  object space 68608K, 56% used [0x0000000080000000,0x00000000825cfe80,0x0000000084300000)
 Metaspace       used 58748K, committed 60096K, reserved 1114112K
  class space    used 7403K, committed 8000K, reserved 1048576K
}
Event: 9.161 GC heap before
{Heap before GC invocations=39 (full 3):
 PSYoungGen      total 22016K, used 21602K [0x00000000d5580000, 0x00000000d6c00000, 0x0000000100000000)
  eden space 20992K, 100% used [0x00000000d5580000,0x00000000d6a00000,0x00000000d6a00000)
  from space 1024K, 59% used [0x00000000d6a00000,0x00000000d6a988c8,0x00000000d6b00000)
  to   space 1024K, 0% used [0x00000000d6b00000,0x00000000d6b00000,0x00000000d6c00000)
 ParOldGen       total 68608K, used 38719K [0x0000000080000000, 0x0000000084300000, 0x00000000d5580000)
  object space 68608K, 56% used [0x0000000080000000,0x00000000825cfe80,0x0000000084300000)
 Metaspace       used 58748K, committed 60096K, reserved 1114112K
  class space    used 7403K, committed 8000K, reserved 1048576K
}
Event: 9.162 GC heap after
{Heap after GC invocations=39 (full 3):
 PSYoungGen      total 21504K, used 261K [0x00000000d5580000, 0x00000000d6b80000, 0x0000000100000000)
  eden space 20992K, 0% used [0x00000000d5580000,0x00000000d5580000,0x00000000d6a00000)
  from space 512K, 51% used [0x00000000d6b00000,0x00000000d6b416b0,0x00000000d6b80000)
  to   space 512K, 0% used [0x00000000d6a80000,0x00000000d6a80000,0x00000000d6b00000)
 ParOldGen       total 68608K, used 38727K [0x0000000080000000, 0x0000000084300000, 0x00000000d5580000)
  object space 68608K, 56% used [0x0000000080000000,0x00000000825d1e80,0x0000000084300000)
 Metaspace       used 58748K, committed 60096K, reserved 1114112K
  class space    used 7403K, committed 8000K, reserved 1048576K
}
Event: 9.201 GC heap before
{Heap before GC invocations=40 (full 3):
 PSYoungGen      total 21504K, used 21253K [0x00000000d5580000, 0x00000000d6b80000, 0x0000000100000000)
  eden space 20992K, 100% used [0x00000000d5580000,0x00000000d6a00000,0x00000000d6a00000)
  from space 512K, 51% used [0x00000000d6b00000,0x00000000d6b416b0,0x00000000d6b80000)
  to   space 512K, 0% used [0x00000000d6a80000,0x00000000d6a80000,0x00000000d6b00000)
 ParOldGen       total 68608K, used 38727K [0x0000000080000000, 0x0000000084300000, 0x00000000d5580000)
  object space 68608K, 56% used [0x0000000080000000,0x00000000825d1e80,0x0000000084300000)
 Metaspace       used 58748K, committed 60096K, reserved 1114112K
  class space    used 7403K, committed 8000K, reserved 1048576K
}
Event: 9.202 GC heap after
{Heap after GC invocations=40 (full 3):
 PSYoungGen      total 21504K, used 288K [0x00000000d5580000, 0x00000000d6b80000, 0x0000000100000000)
  eden space 20992K, 0% used [0x00000000d5580000,0x00000000d5580000,0x00000000d6a00000)
  from space 512K, 56% used [0x00000000d6a80000,0x00000000d6ac8000,0x00000000d6b00000)
  to   space 512K, 0% used [0x00000000d6b00000,0x00000000d6b00000,0x00000000d6b80000)
 ParOldGen       total 68608K, used 38835K [0x0000000080000000, 0x0000000084300000, 0x00000000d5580000)
  object space 68608K, 56% used [0x0000000080000000,0x00000000825ecf50,0x0000000084300000)
 Metaspace       used 58748K, committed 60096K, reserved 1114112K
  class space    used 7403K, committed 8000K, reserved 1048576K
}
Event: 9.312 GC heap before
{Heap before GC invocations=41 (full 3):
 PSYoungGen      total 21504K, used 21280K [0x00000000d5580000, 0x00000000d6b80000, 0x0000000100000000)
  eden space 20992K, 100% used [0x00000000d5580000,0x00000000d6a00000,0x00000000d6a00000)
  from space 512K, 56% used [0x00000000d6a80000,0x00000000d6ac8000,0x00000000d6b00000)
  to   space 512K, 0% used [0x00000000d6b00000,0x00000000d6b00000,0x00000000d6b80000)
 ParOldGen       total 68608K, used 38835K [0x0000000080000000, 0x0000000084300000, 0x00000000d5580000)
  object space 68608K, 56% used [0x0000000080000000,0x00000000825ecf50,0x0000000084300000)
 Metaspace       used 61007K, committed 62464K, reserved 1114112K
  class space    used 7762K, committed 8384K, reserved 1048576K
}
Event: 9.312 GC heap after
{Heap after GC invocations=41 (full 3):
 PSYoungGen      total 21504K, used 480K [0x00000000d5580000, 0x00000000d6c00000, 0x0000000100000000)
  eden space 20992K, 0% used [0x00000000d5580000,0x00000000d5580000,0x00000000d6a00000)
  from space 512K, 93% used [0x00000000d6b00000,0x00000000d6b78010,0x00000000d6b80000)
  to   space 1024K, 0% used [0x00000000d6a00000,0x00000000d6a00000,0x00000000d6b00000)
 ParOldGen       total 68608K, used 39171K [0x0000000080000000, 0x0000000084300000, 0x00000000d5580000)
  object space 68608K, 57% used [0x0000000080000000,0x0000000082640f60,0x0000000084300000)
 Metaspace       used 61007K, committed 62464K, reserved 1114112K
  class space    used 7762K, committed 8384K, reserved 1048576K
}
Event: 12.712 GC heap before
{Heap before GC invocations=42 (full 3):
 PSYoungGen      total 21504K, used 21472K [0x00000000d5580000, 0x00000000d6c00000, 0x0000000100000000)
  eden space 20992K, 100% used [0x00000000d5580000,0x00000000d6a00000,0x00000000d6a00000)
  from space 512K, 93% used [0x00000000d6b00000,0x00000000d6b78010,0x00000000d6b80000)
  to   space 1024K, 0% used [0x00000000d6a00000,0x00000000d6a00000,0x00000000d6b00000)
 ParOldGen       total 68608K, used 39171K [0x0000000080000000, 0x0000000084300000, 0x00000000d5580000)
  object space 68608K, 57% used [0x0000000080000000,0x0000000082640f60,0x0000000084300000)
 Metaspace       used 63091K, committed 64576K, reserved 1114112K
  class space    used 8011K, committed 8704K, reserved 1048576K
}
Event: 12.713 GC heap after
{Heap after GC invocations=42 (full 3):
 PSYoungGen      total 22016K, used 1001K [0x00000000d5580000, 0x00000000d6e00000, 0x0000000100000000)
  eden space 20992K, 0% used [0x00000000d5580000,0x00000000d5580000,0x00000000d6a00000)
  from space 1024K, 97% used [0x00000000d6a00000,0x00000000d6afa6b0,0x00000000d6b00000)
  to   space 2048K, 0% used [0x00000000d6c00000,0x00000000d6c00000,0x00000000d6e00000)
 ParOldGen       total 68608K, used 39791K [0x0000000080000000, 0x0000000084300000, 0x00000000d5580000)
  object space 68608K, 57% used [0x0000000080000000,0x00000000826dbc90,0x0000000084300000)
 Metaspace       used 63091K, committed 64576K, reserved 1114112K
  class space    used 8011K, committed 8704K, reserved 1048576K
}
Event: 13.098 GC heap before
{Heap before GC invocations=43 (full 3):
 PSYoungGen      total 22016K, used 21993K [0x00000000d5580000, 0x00000000d6e00000, 0x0000000100000000)
  eden space 20992K, 100% used [0x00000000d5580000,0x00000000d6a00000,0x00000000d6a00000)
  from space 1024K, 97% used [0x00000000d6a00000,0x00000000d6afa6b0,0x00000000d6b00000)
  to   space 2048K, 0% used [0x00000000d6c00000,0x00000000d6c00000,0x00000000d6e00000)
 ParOldGen       total 68608K, used 39791K [0x0000000080000000, 0x0000000084300000, 0x00000000d5580000)
  object space 68608K, 57% used [0x0000000080000000,0x00000000826dbc90,0x0000000084300000)
 Metaspace       used 63746K, committed 65216K, reserved 1114112K
  class space    used 8097K, committed 8768K, reserved 1048576K
}
Event: 13.099 GC heap after
{Heap after GC invocations=43 (full 3):
 PSYoungGen      total 22528K, used 1078K [0x00000000d5580000, 0x00000000d6d80000, 0x0000000100000000)
  eden space 20992K, 0% used [0x00000000d5580000,0x00000000d5580000,0x00000000d6a00000)
  from space 1536K, 70% used [0x00000000d6c00000,0x00000000d6d0d8a0,0x00000000d6d80000)
  to   space 1536K, 0% used [0x00000000d6a80000,0x00000000d6a80000,0x00000000d6c00000)
 ParOldGen       total 68608K, used 40700K [0x0000000080000000, 0x0000000084300000, 0x00000000d5580000)
  object space 68608K, 59% used [0x0000000080000000,0x00000000827bf1e8,0x0000000084300000)
 Metaspace       used 63746K, committed 65216K, reserved 1114112K
  class space    used 8097K, committed 8768K, reserved 1048576K
}
Event: 13.282 GC heap before
{Heap before GC invocations=44 (full 3):
 PSYoungGen      total 22528K, used 22070K [0x00000000d5580000, 0x00000000d6d80000, 0x0000000100000000)
  eden space 20992K, 100% used [0x00000000d5580000,0x00000000d6a00000,0x00000000d6a00000)
  from space 1536K, 70% used [0x00000000d6c00000,0x00000000d6d0d8a0,0x00000000d6d80000)
  to   space 1536K, 0% used [0x00000000d6a80000,0x00000000d6a80000,0x00000000d6c00000)
 ParOldGen       total 68608K, used 40700K [0x0000000080000000, 0x0000000084300000, 0x00000000d5580000)
  object space 68608K, 59% used [0x0000000080000000,0x00000000827bf1e8,0x0000000084300000)
 Metaspace       used 65149K, committed 66688K, reserved 1114112K
  class space    used 8261K, committed 8960K, reserved 1048576K
}
Event: 13.282 GC heap after
{Heap after GC invocations=44 (full 3):
 PSYoungGen      total 22016K, used 888K [0x00000000d5580000, 0x00000000d6c80000, 0x0000000100000000)
  eden space 20992K, 0% used [0x00000000d5580000,0x00000000d5580000,0x00000000d6a00000)
  from space 1024K, 86% used [0x00000000d6a80000,0x00000000d6b5e1b8,0x00000000d6b80000)
  to   space 1024K, 0% used [0x00000000d6b80000,0x00000000d6b80000,0x00000000d6c80000)
 ParOldGen       total 68608K, used 41524K [0x0000000080000000, 0x0000000084300000, 0x00000000d5580000)
  object space 68608K, 60% used [0x0000000080000000,0x000000008288d1f8,0x0000000084300000)
 Metaspace       used 65149K, committed 66688K, reserved 1114112K
  class space    used 8261K, committed 8960K, reserved 1048576K
}
Event: 751.548 GC heap before
{Heap before GC invocations=45 (full 3):
 PSYoungGen      total 22016K, used 21880K [0x00000000d5580000, 0x00000000d6c80000, 0x0000000100000000)
  eden space 20992K, 100% used [0x00000000d5580000,0x00000000d6a00000,0x00000000d6a00000)
  from space 1024K, 86% used [0x00000000d6a80000,0x00000000d6b5e1b8,0x00000000d6b80000)
  to   space 1024K, 0% used [0x00000000d6b80000,0x00000000d6b80000,0x00000000d6c80000)
 ParOldGen       total 68608K, used 41524K [0x0000000080000000, 0x0000000084300000, 0x00000000d5580000)
  object space 68608K, 60% used [0x0000000080000000,0x000000008288d1f8,0x0000000084300000)
 Metaspace       used 65788K, committed 67392K, reserved 1114112K
  class space    used 8324K, committed 9024K, reserved 1048576K
}
Event: 751.548 GC heap after
{Heap after GC invocations=45 (full 3):
 PSYoungGen      total 21504K, used 480K [0x00000000d5580000, 0x00000000d6c00000, 0x0000000100000000)
  eden space 20992K, 0% used [0x00000000d5580000,0x00000000d5580000,0x00000000d6a00000)
  from space 512K, 93% used [0x00000000d6b80000,0x00000000d6bf8000,0x00000000d6c00000)
  to   space 1024K, 0% used [0x00000000d6a00000,0x00000000d6a00000,0x00000000d6b00000)
 ParOldGen       total 68608K, used 42140K [0x0000000080000000, 0x0000000084300000, 0x00000000d5580000)
  object space 68608K, 61% used [0x0000000080000000,0x0000000082927100,0x0000000084300000)
 Metaspace       used 65788K, committed 67392K, reserved 1114112K
  class space    used 8324K, committed 9024K, reserved 1048576K
}

