# JRE version: OpenJDK Runtime Environment Temurin-21.0.9+10 (21.0.9+10) (build 21.0.9+10-LTS)
# Java VM: OpenJDK 64-Bit Server VM Temurin-21.0.9+10 (21.0.9+10-LTS, mixed mode, sharing, tiered, compressed oops, compressed class ptrs, parallel gc, windows-amd64)
GC Precious Log:
 CardTable entry size: 512
 CPUs: 16 total, 16 available
 Memory: 32361M
 Large Page Support: Disabled
 NUMA Support: Disabled
 Compressed Oops: Enabled (32-bit)
 Alignments: Space 512K, Generation 512K, Heap 2M
 Heap Min Capacity: 100M
 Heap Initial Capacity: 100M
 Heap Max Capacity: 2G
 Pre-touch: Disabled
 Parallel Workers: 13
Heap:
 PSYoungGen      total 23040K, used 19045K [0x00000000d5580000, 0x00000000d7080000, 0x0000000100000000)
  eden space 22016K, 82% used [0x00000000d5580000,0x00000000d673a660,0x00000000d6b00000)
  from space 1024K, 87% used [0x00000000d6e80000,0x00000000d6f5edf0,0x00000000d6f80000)
  to   space 1024K, 0% used [0x00000000d6f80000,0x00000000d6f80000,0x00000000d7080000)
 ParOldGen       total 68608K, used 17686K [0x0000000080000000, 0x0000000084300000, 0x00000000d5580000)
  object space 68608K, 25% used [0x0000000080000000,0x0000000081145ba0,0x0000000084300000)
 Metaspace       used 38451K, committed 39552K, reserved 1114112K
  class space    used 4088K, committed 4544K, reserved 1048576K
GC Heap History (20 events):
Event: 1.413 GC heap before
{Heap before GC invocations=8 (full 0):
 PSYoungGen      total 29184K, used 6854K [0x00000000d5580000, 0x00000000d7780000, 0x0000000100000000)
  eden space 24576K, 9% used [0x00000000d5580000,0x00000000d57b3d70,0x00000000d6d80000)
  from space 4608K, 99% used [0x00000000d6e00000,0x00000000d727db60,0x00000000d7280000)
  to   space 5120K, 0% used [0x00000000d7280000,0x00000000d7280000,0x00000000d7780000)
 ParOldGen       total 68608K, used 9427K [0x0000000080000000, 0x0000000084300000, 0x00000000d5580000)
  object space 68608K, 13% used [0x0000000080000000,0x0000000080934e18,0x0000000084300000)
 Metaspace       used 21001K, committed 21824K, reserved 1114112K
  class space    used 2207K, committed 2560K, reserved 1048576K
}
Event: 1.414 GC heap after
{Heap after GC invocations=8 (full 0):
 PSYoungGen      total 28672K, used 3795K [0x00000000d5580000, 0x00000000d7680000, 0x0000000100000000)
  eden space 24576K, 0% used [0x00000000d5580000,0x00000000d5580000,0x00000000d6d80000)
  from space 4096K, 92% used [0x00000000d7280000,0x00000000d7634f40,0x00000000d7680000)
  to   space 4608K, 0% used [0x00000000d6d80000,0x00000000d6d80000,0x00000000d7200000)
 ParOldGen       total 68608K, used 10658K [0x0000000080000000, 0x0000000084300000, 0x00000000d5580000)
  object space 68608K, 15% used [0x0000000080000000,0x0000000080a689b0,0x0000000084300000)
 Metaspace       used 21001K, committed 21824K, reserved 1114112K
  class space    used 2207K, committed 2560K, reserved 1048576K
}
Event: 1.414 GC heap before
{Heap before GC invocations=9 (full 1):
 PSYoungGen      total 28672K, used 3795K [0x00000000d5580000, 0x00000000d7680000, 0x0000000100000000)
  eden space 24576K, 0% used [0x00000000d5580000,0x00000000d5580000,0x00000000d6d80000)
  from space 4096K, 92% used [0x00000000d7280000,0x00000000d7634f40,0x00000000d7680000)
  to   space 4608K, 0% used [0x00000000d6d80000,0x00000000d6d80000,0x00000000d7200000)
 ParOldGen       total 68608K, used 10658K [0x0000000080000000, 0x0000000084300000, 0x00000000d5580000)
  object space 68608K, 15% used [0x0000000080000000,0x0000000080a689b0,0x0000000084300000)
 Metaspace       used 21001K, committed 21824K, reserved 1114112K
  class space    used 2207K, committed 2560K, reserved 1048576K
}
Event: 1.429 GC heap after
{Heap after GC invocations=9 (full 1):
 PSYoungGen      total 28672K, used 0K [0x00000000d5580000, 0x00000000d7680000, 0x0000000100000000)
  eden space 24576K, 0% used [0x00000000d5580000,0x00000000d5580000,0x00000000d6d80000)
  from space 4096K, 0% used [0x00000000d7280000,0x00000000d7280000,0x00000000d7680000)
  to   space 4608K, 0% used [0x00000000d6d80000,0x00000000d6d80000,0x00000000d7200000)
 ParOldGen       total 68608K, used 13396K [0x0000000080000000, 0x0000000084300000, 0x00000000d5580000)
  object space 68608K, 19% used [0x0000000080000000,0x0000000080d15348,0x0000000084300000)
 Metaspace       used 20988K, committed 21824K, reserved 1114112K
  class space    used 2204K, committed 2560K, reserved 1048576K
}
Event: 1.522 GC heap before
{Heap before GC invocations=10 (full 1):
 PSYoungGen      total 28672K, used 24575K [0x00000000d5580000, 0x00000000d7680000, 0x0000000100000000)
  eden space 24576K, 99% used [0x00000000d5580000,0x00000000d6d7fcf0,0x00000000d6d80000)
  from space 4096K, 0% used [0x00000000d7280000,0x00000000d7280000,0x00000000d7680000)
  to   space 4608K, 0% used [0x00000000d6d80000,0x00000000d6d80000,0x00000000d7200000)
 ParOldGen       total 68608K, used 13396K [0x0000000080000000, 0x0000000084300000, 0x00000000d5580000)
  object space 68608K, 19% used [0x0000000080000000,0x0000000080d15348,0x0000000084300000)
 Metaspace       used 23519K, committed 24384K, reserved 1114112K
  class space    used 2382K, committed 2752K, reserved 1048576K
}
Event: 1.522 GC heap after
{Heap after GC invocations=10 (full 1):
 PSYoungGen      total 25088K, used 660K [0x00000000d5580000, 0x00000000d7300000, 0x0000000100000000)
  eden space 24064K, 0% used [0x00000000d5580000,0x00000000d5580000,0x00000000d6d00000)
  from space 1024K, 64% used [0x00000000d6d80000,0x00000000d6e25280,0x00000000d6e80000)
  to   space 2048K, 0% used [0x00000000d7100000,0x00000000d7100000,0x00000000d7300000)
 ParOldGen       total 68608K, used 13404K [0x0000000080000000, 0x0000000084300000, 0x00000000d5580000)
  object space 68608K, 19% used [0x0000000080000000,0x0000000080d17348,0x0000000084300000)
 Metaspace       used 23519K, committed 24384K, reserved 1114112K
  class space    used 2382K, committed 2752K, reserved 1048576K
}
Event: 1.611 GC heap before
{Heap before GC invocations=11 (full 1):
 PSYoungGen      total 25088K, used 24724K [0x00000000d5580000, 0x00000000d7300000, 0x0000000100000000)
  eden space 24064K, 100% used [0x00000000d5580000,0x00000000d6d00000,0x00000000d6d00000)
  from space 1024K, 64% used [0x00000000d6d80000,0x00000000d6e25280,0x00000000d6e80000)
  to   space 2048K, 0% used [0x00000000d7100000,0x00000000d7100000,0x00000000d7300000)
 ParOldGen       total 68608K, used 13404K [0x0000000080000000, 0x0000000084300000, 0x00000000d5580000)
  object space 68608K, 19% used [0x0000000080000000,0x0000000080d17348,0x0000000084300000)
 Metaspace       used 26849K, committed 27712K, reserved 1114112K
  class space    used 2645K, committed 3008K, reserved 1048576K
}
Event: 1.612 GC heap after
{Heap after GC invocations=11 (full 1):
 PSYoungGen      total 25600K, used 1646K [0x00000000d5580000, 0x00000000d7300000, 0x0000000100000000)
  eden space 23552K, 0% used [0x00000000d5580000,0x00000000d5580000,0x00000000d6c80000)
  from space 2048K, 80% used [0x00000000d7100000,0x00000000d729b8e8,0x00000000d7300000)
  to   space 2048K, 0% used [0x00000000d6f00000,0x00000000d6f00000,0x00000000d7100000)
 ParOldGen       total 68608K, used 14194K [0x0000000080000000, 0x0000000084300000, 0x00000000d5580000)
  object space 68608K, 20% used [0x0000000080000000,0x0000000080ddc858,0x0000000084300000)
 Metaspace       used 26849K, committed 27712K, reserved 1114112K
  class space    used 2645K, committed 3008K, reserved 1048576K
}
Event: 1.666 GC heap before
{Heap before GC invocations=12 (full 1):
 PSYoungGen      total 25600K, used 25197K [0x00000000d5580000, 0x00000000d7300000, 0x0000000100000000)
  eden space 23552K, 99% used [0x00000000d5580000,0x00000000d6c7fcd8,0x00000000d6c80000)
  from space 2048K, 80% used [0x00000000d7100000,0x00000000d729b8e8,0x00000000d7300000)
  to   space 2048K, 0% used [0x00000000d6f00000,0x00000000d6f00000,0x00000000d7100000)
 ParOldGen       total 68608K, used 14194K [0x0000000080000000, 0x0000000084300000, 0x00000000d5580000)
  object space 68608K, 20% used [0x0000000080000000,0x0000000080ddc858,0x0000000084300000)
 Metaspace       used 28226K, committed 29056K, reserved 1114112K
  class space    used 2801K, committed 3136K, reserved 1048576K
}
Event: 1.667 GC heap after
{Heap after GC invocations=12 (full 1):
 PSYoungGen      total 24064K, used 827K [0x00000000d5580000, 0x00000000d7180000, 0x0000000100000000)
  eden space 23040K, 0% used [0x00000000d5580000,0x00000000d5580000,0x00000000d6c00000)
  from space 1024K, 80% used [0x00000000d6f00000,0x00000000d6fcee28,0x00000000d7000000)
  to   space 1536K, 0% used [0x00000000d7000000,0x00000000d7000000,0x00000000d7180000)
 ParOldGen       total 68608K, used 15657K [0x0000000080000000, 0x0000000084300000, 0x00000000d5580000)
  object space 68608K, 22% used [0x0000000080000000,0x0000000080f4a5b0,0x0000000084300000)
 Metaspace       used 28226K, committed 29056K, reserved 1114112K
  class space    used 2801K, committed 3136K, reserved 1048576K
}
Event: 1.816 GC heap before
{Heap before GC invocations=13 (full 1):
 PSYoungGen      total 24064K, used 23867K [0x00000000d5580000, 0x00000000d7180000, 0x0000000100000000)
  eden space 23040K, 100% used [0x00000000d5580000,0x00000000d6c00000,0x00000000d6c00000)
  from space 1024K, 80% used [0x00000000d6f00000,0x00000000d6fcee28,0x00000000d7000000)
  to   space 1536K, 0% used [0x00000000d7000000,0x00000000d7000000,0x00000000d7180000)
 ParOldGen       total 68608K, used 15657K [0x0000000080000000, 0x0000000084300000, 0x00000000d5580000)
  object space 68608K, 22% used [0x0000000080000000,0x0000000080f4a5b0,0x0000000084300000)
 Metaspace       used 31854K, committed 32960K, reserved 1114112K
  class space    used 3208K, committed 3712K, reserved 1048576K
}
Event: 1.817 GC heap after
{Heap after GC invocations=13 (full 1):
 PSYoungGen      total 24064K, used 1410K [0x00000000d5580000, 0x00000000d7180000, 0x0000000100000000)
  eden space 22528K, 0% used [0x00000000d5580000,0x00000000d5580000,0x00000000d6b80000)
  from space 1536K, 91% used [0x00000000d7000000,0x00000000d7160a70,0x00000000d7180000)
  to   space 1536K, 0% used [0x00000000d6e80000,0x00000000d6e80000,0x00000000d7000000)
 ParOldGen       total 68608K, used 16289K [0x0000000080000000, 0x0000000084300000, 0x00000000d5580000)
  object space 68608K, 23% used [0x0000000080000000,0x0000000080fe86b8,0x0000000084300000)
 Metaspace       used 31854K, committed 32960K, reserved 1114112K
  class space    used 3208K, committed 3712K, reserved 1048576K
}
Event: 2.425 GC heap before
{Heap before GC invocations=14 (full 1):
 PSYoungGen      total 24064K, used 23935K [0x00000000d5580000, 0x00000000d7180000, 0x0000000100000000)
  eden space 22528K, 99% used [0x00000000d5580000,0x00000000d6b7f3a8,0x00000000d6b80000)
  from space 1536K, 91% used [0x00000000d7000000,0x00000000d7160a70,0x00000000d7180000)
  to   space 1536K, 0% used [0x00000000d6e80000,0x00000000d6e80000,0x00000000d7000000)
 ParOldGen       total 68608K, used 16289K [0x0000000080000000, 0x0000000084300000, 0x00000000d5580000)
  object space 68608K, 23% used [0x0000000080000000,0x0000000080fe86b8,0x0000000084300000)
 Metaspace       used 34599K, committed 35648K, reserved 1114112K
  class space    used 3537K, committed 3968K, reserved 1048576K
}
Event: 2.426 GC heap after
{Heap after GC invocations=14 (full 1):
 PSYoungGen      total 23552K, used 1344K [0x00000000d5580000, 0x00000000d7080000, 0x0000000100000000)
  eden space 22016K, 0% used [0x00000000d5580000,0x00000000d5580000,0x00000000d6b00000)
  from space 1536K, 87% used [0x00000000d6e80000,0x00000000d6fd0000,0x00000000d7000000)
  to   space 512K, 0% used [0x00000000d7000000,0x00000000d7000000,0x00000000d7080000)
 ParOldGen       total 68608K, used 17514K [0x0000000080000000, 0x0000000084300000, 0x00000000d5580000)
  object space 68608K, 25% used [0x0000000080000000,0x000000008111aa98,0x0000000084300000)
 Metaspace       used 34599K, committed 35648K, reserved 1114112K
  class space    used 3537K, committed 3968K, reserved 1048576K
}
Event: 2.458 GC heap before
{Heap before GC invocations=15 (full 1):
 PSYoungGen      total 23552K, used 7726K [0x00000000d5580000, 0x00000000d7080000, 0x0000000100000000)
  eden space 22016K, 28% used [0x00000000d5580000,0x00000000d5bbb858,0x00000000d6b00000)
  from space 1536K, 87% used [0x00000000d6e80000,0x00000000d6fd0000,0x00000000d7000000)
  to   space 512K, 0% used [0x00000000d7000000,0x00000000d7000000,0x00000000d7080000)
 ParOldGen       total 68608K, used 17514K [0x0000000080000000, 0x0000000084300000, 0x00000000d5580000)
  object space 68608K, 25% used [0x0000000080000000,0x000000008111aa98,0x0000000084300000)
 Metaspace       used 35365K, committed 36416K, reserved 1114112K
  class space    used 3649K, committed 4096K, reserved 1048576K
}
Event: 2.459 GC heap after
{Heap after GC invocations=15 (full 1):
 PSYoungGen      total 22528K, used 416K [0x00000000d5580000, 0x00000000d7080000, 0x0000000100000000)
  eden space 22016K, 0% used [0x00000000d5580000,0x00000000d5580000,0x00000000d6b00000)
  from space 512K, 81% used [0x00000000d7000000,0x00000000d7068000,0x00000000d7080000)
  to   space 1024K, 0% used [0x00000000d6e80000,0x00000000d6e80000,0x00000000d6f80000)
 ParOldGen       total 68608K, used 18664K [0x0000000080000000, 0x0000000084300000, 0x00000000d5580000)
  object space 68608K, 27% used [0x0000000080000000,0x000000008123a340,0x0000000084300000)
 Metaspace       used 35365K, committed 36416K, reserved 1114112K
  class space    used 3649K, committed 4096K, reserved 1048576K
}
Event: 2.459 GC heap before
{Heap before GC invocations=16 (full 2):
 PSYoungGen      total 22528K, used 416K [0x00000000d5580000, 0x00000000d7080000, 0x0000000100000000)
  eden space 22016K, 0% used [0x00000000d5580000,0x00000000d5580000,0x00000000d6b00000)
  from space 512K, 81% used [0x00000000d7000000,0x00000000d7068000,0x00000000d7080000)
  to   space 1024K, 0% used [0x00000000d6e80000,0x00000000d6e80000,0x00000000d6f80000)
 ParOldGen       total 68608K, used 18664K [0x0000000080000000, 0x0000000084300000, 0x00000000d5580000)
  object space 68608K, 27% used [0x0000000080000000,0x000000008123a340,0x0000000084300000)
 Metaspace       used 35365K, committed 36416K, reserved 1114112K
  class space    used 3649K, committed 4096K, reserved 1048576K
}
Event: 2.473 GC heap after
{Heap after GC invocations=16 (full 2):
 PSYoungGen      total 22528K, used 0K [0x00000000d5580000, 0x00000000d7080000, 0x0000000100000000)
  eden space 22016K, 0% used [0x00000000d5580000,0x00000000d5580000,0x00000000d6b00000)
  from space 512K, 0% used [0x00000000d7000000,0x00000000d7000000,0x00000000d7080000)
  to   space 1024K, 0% used [0x00000000d6e80000,0x00000000d6e80000,0x00000000d6f80000)
 ParOldGen       total 68608K, used 17678K [0x0000000080000000, 0x0000000084300000, 0x00000000d5580000)
  object space 68608K, 25% used [0x0000000080000000,0x0000000081143ba0,0x0000000084300000)
 Metaspace       used 35365K, committed 36416K, reserved 1114112K
  class space    used 3649K, committed 4096K, reserved 1048576K
}
Event: 2.574 GC heap before
{Heap before GC invocations=17 (full 2):
 PSYoungGen      total 22528K, used 21999K [0x00000000d5580000, 0x00000000d7080000, 0x0000000100000000)
  eden space 22016K, 99% used [0x00000000d5580000,0x00000000d6afbc08,0x00000000d6b00000)
  from space 512K, 0% used [0x00000000d7000000,0x00000000d7000000,0x00000000d7080000)
  to   space 1024K, 0% used [0x00000000d6e80000,0x00000000d6e80000,0x00000000d6f80000)
 ParOldGen       total 68608K, used 17678K [0x0000000080000000, 0x0000000084300000, 0x00000000d5580000)
  object space 68608K, 25% used [0x0000000080000000,0x0000000081143ba0,0x0000000084300000)
 Metaspace       used 36934K, committed 38016K, reserved 1114112K
  class space    used 3893K, committed 4352K, reserved 1048576K
}
Event: 2.575 GC heap after
{Heap after GC invocations=17 (full 2):
 PSYoungGen      total 23040K, used 891K [0x00000000d5580000, 0x00000000d7080000, 0x0000000100000000)
  eden space 22016K, 0% used [0x00000000d5580000,0x00000000d5580000,0x00000000d6b00000)
  from space 1024K, 87% used [0x00000000d6e80000,0x00000000d6f5edf0,0x00000000d6f80000)
  to   space 1024K, 0% used [0x00000000d6f80000,0x00000000d6f80000,0x00000000d7080000)
 ParOldGen       total 68608K, used 17686K [0x0000000080000000, 0x0000000084300000, 0x00000000d5580000)
  object space 68608K, 25% used [0x0000000080000000,0x0000000081145ba0,0x0000000084300000)
 Metaspace       used 36934K, committed 38016K, reserved 1114112K
  class space    used 3893K, committed 4352K, reserved 1048576K
}

